<?xml version="1.0" encoding="UTF-8"?>
<!-- Generated by org.testng.reporters.JUnitReportReporter -->
<testsuite hostname="SVPKHOME" failures="0" tests="1" name="com.bpp.testCases.VerifyOrder" time="28.806" errors="0" timestamp="2022-11-14T14:31:18 IST" skipped="0">
  <testcase classname="com.bpp.testCases.VerifyOrder" name="navigateProductAndVerifyOrder" time="28.806"/>
  <system-out/>
</testsuite> <!-- com.bpp.testCases.VerifyOrder -->
