<?xml version="1.0" encoding="UTF-8"?>
<!-- Generated by org.testng.reporters.JUnitReportReporter -->
<testsuite hostname="SVPKHOME" failures="0" tests="1" name="com.bpp.testCases.SearchSuggestion" time="1.324" errors="0" timestamp="2022-11-14T01:43:15 IST" skipped="0">
  <testcase classname="com.bpp.testCases.SearchSuggestion" name="searchProduct" time="1.324"/>
  <system-out/>
</testsuite> <!-- com.bpp.testCases.SearchSuggestion -->
