<?xml version="1.0" encoding="UTF-8"?>
<!-- Generated by org.testng.reporters.JUnitReportReporter -->
<testsuite hostname="SVPKHOME" failures="0" tests="5" name="com.bpp.testCases.VerifyLogin" time="13.171" errors="0" timestamp="2022-11-14T14:31:18 IST" skipped="1">
  <testcase classname="com.bpp.testCases.VerifyLogin" name="verifyLogin" time="2.748"/>
  <system-out/>
  <testcase classname="com.bpp.testCases.VerifyLogin" name="verifyLogin" time="1.527"/>
  <system-out/>
  <testcase classname="com.bpp.testCases.VerifyLogin" name="verifyLogin" time="6.134"/>
  <system-out/>
  <testcase classname="com.bpp.testCases.VerifyLogin" name="verifyLogin" time="2.762"/>
  <system-out/>
  <testcase classname="com.bpp.testCases.VerifyLogin" name="login">
    <skipped/>
  </testcase> <!-- login -->
  <system-out/>
</testsuite> <!-- com.bpp.testCases.VerifyLogin -->
