<?xml version="1.0" encoding="UTF-8"?>
<!-- Generated by org.testng.reporters.JUnitReportReporter -->
<testsuite hostname="SVPKHOME" failures="0" tests="2" name="com.bpp.testCases.SearchProducts" time="20.295" errors="0" timestamp="2022-11-14T14:31:18 IST" skipped="0">
  <testcase classname="com.bpp.testCases.SearchProducts" name="verifySearchSuggestion" time="2.786"/>
  <system-out/>
  <testcase classname="com.bpp.testCases.SearchProducts" name="searchAndSelectProdFromSuggesstion" time="17.509"/>
  <system-out/>
</testsuite> <!-- com.bpp.testCases.SearchProducts -->
